Drill Listing
=============
Drill: .01969  Tool: 1  Feed: 95  Speed: 300
X 180708  Y 207480
X 180708  Y 217716
X 122884  Y 344094
X 150393  Y 358661
X 144488  Y 385039
X 177165  Y 387795
X 186614  Y 388188
X 174015  Y 403937
X 209448  Y 420472
X 238582  Y 413385
X 218110  Y 370866
X 224409  Y 368503
X 199212  Y 350000
X 218503  Y 329921
X 245275  Y 329921
X 204330  Y 329527
X 224015  Y 260236
X 206692  Y 260236
X 224015  Y 233858
X 201574  Y 233858
X 206692  Y 197637
X 201574  Y 195669
X 227952  Y 156692
X 258267  Y 158267
X 268110  Y 164173
X 251181  Y 223228
X 292913  Y 384645
X 305118  Y 384645
X 319291  Y 446850
X 338976  Y 446850

Drill: .0315  Tool: 2  Feed: 197  Speed: 550
X 174435  Y 234055
X 246036  Y 275393
X 238188  Y 305905
X 155511  Y 305905
X 299212  Y 481102
X 253867  Y 475403
X 299212  Y 398425
X 275266  Y 395543

Drill: .035  Tool: 3  Feed: 197  Speed: 550
X 151503  Y 231156
X 147017  Y 239961
X 142566  Y 248695

Drill: .03543  Tool: 4  Feed: 197  Speed: 550
X 329527  Y 196850 X 329527  Y 198818
X 354330  Y 196850 X 354330  Y 198818

Drill: .03937  Tool: 5  Feed: 197  Speed: 550
X 166535  Y 415354
X 176535  Y 415354
X 186535  Y 415354
X 176535  Y 425354
X 166535  Y 425354
X 186535  Y 425354
X 290984  Y 369685
X 268267  Y 247244
X 258267  Y 247244
X 278267  Y 247244
X 288149  Y 247244
X 310866  Y 369685
X 300866  Y 369685
X 320866  Y 369685

Drill: .04  Tool: 6  Feed: 139  Speed: 550
X 211811  Y 151574
X 221811  Y 151574
X 181102  Y 172834
X 191102  Y 172834
X 141732  Y 224803
X 137192  Y 233713
X 337007  Y 123622
X 347007  Y 123622

End of Listing
